#
# There is insufficient memory for the Java Runtime Environment to continue.
# Native memory allocation (mmap) failed to map 2199023255552 bytes for Failed to commit area from 0x00000029a8000000 to 0x00000229a8000000 of length 2199023255552.
# Possible reasons:
#   The system is out of physical RAM or swap space
# Possible solutions:
#   Reduce memory load on the system
#   Increase physical memory or swap space
#   Check if swap backing store is full
#   Decrease Java heap size (-Xmx/-Xms)
#   Decrease number of Java threads
#   Decrease Java thread stack sizes (-Xss)
#   Set larger code cache with -XX:ReservedCodeCacheSize=
# This output file may be truncated or incomplete.
#
#  Out of Memory Error (t:/workspace/open/src/hotspot/os/windows/os_windows.cpp:3221), pid=6372, tid=12008
#
# JRE version:  (10.0.2+13) (build )
# Java VM: Java HotSpot(TM) 64-Bit Server VM (10.0.2+13, mixed mode, aot, tiered, g1 gc, windows-amd64)
# Core dump will be written. Default location: C:\Users\Administrator\Dropbox\eclipse-workspace\TimeWillTell\hs_err_pid6372.mdmp
#

---------------  S U M M A R Y ------------

Command Line: -Xms2048G -Xmx4096G -Dfile.encoding=Cp1252 net.truttle1.time.main.Game

Host: AMD A8-7600 Radeon R7, 10 Compute Cores 4C+6G  , 4 cores, 6G,  Windows Server 2012 , 64 bit Build 9200 (6.2.9200.16859)
Time: Sat Sep 15 17:12:53 2018 Eastern Daylight Time elapsed time: 1 seconds (0d 0h 0m 1s)

---------------  T H R E A D  ---------------

Current thread (0x000000298d1c5000):  JavaThread "Unknown thread" [_thread_in_vm, id=12008, stack(0x000000298ea70000,0x000000298eb70000)]

Stack: [0x000000298ea70000,0x000000298eb70000]
Native frames: (J=compiled Java code, j=interpreted, Vv=VM code, C=native code)
V  [jvm.dll+0x5a01a9]
V  [jvm.dll+0x6bcf31]
V  [jvm.dll+0x6be126]
V  [jvm.dll+0x6be7b3]
V  [jvm.dll+0x234978]
V  [jvm.dll+0x59dac4]
V  [jvm.dll+0x592825]
V  [jvm.dll+0x2f632b]
V  [jvm.dll+0x2f6295]
V  [jvm.dll+0x2f6172]
V  [jvm.dll+0x2f8366]
V  [jvm.dll+0x344293]
V  [jvm.dll+0x3449a6]
V  [jvm.dll+0x344393]
V  [jvm.dll+0x2c4628]
V  [jvm.dll+0x2c5771]
V  [jvm.dll+0x69d1db]
V  [jvm.dll+0x69e9fc]
V  [jvm.dll+0x3519e9]
V  [jvm.dll+0x6856a2]
V  [jvm.dll+0x3ba0c3]
V  [jvm.dll+0x3bc261]
C  [javaw.exe+0x3541]
C  [javaw.exe+0xe1cf]
C  [javaw.exe+0xe376]
C  [KERNEL32.DLL+0x1842]
C  [ntdll.dll+0x4e2f9]


---------------  P R O C E S S  ---------------

Threads class SMR info:
_java_thread_list=0x000000298d0eaa70, length=0, elements={
}

Java Threads: ( => current thread )

Other Threads:
  0x000000298ee65000 GCTaskThread "GC Thread#0" [stack: 0x00000029a5800000,0x00000029a5900000] [id=7836]
  0x000000298ee66800 GCTaskThread "GC Thread#1" [stack: 0x00000029a5900000,0x00000029a5a00000] [id=8296]
  0x000000298d1cd000 GCTaskThread "GC Thread#2" [stack: 0x00000029a5a00000,0x00000029a5b00000] [id=9812]
  0x000000298d1ce000 GCTaskThread "GC Thread#3" [stack: 0x00000029a5b00000,0x00000029a5c00000] [id=1240]
  0x00000029a7372000 ConcurrentGCThread "G1 Main Marker" [stack: 0x00000029a7690000,0x00000029a7790000] [id=892]
  0x000000298ef3a800 ConcurrentGCThread "G1 Conc#0" [stack: 0x00000029a7790000,0x00000029a7890000] [id=6772]

[error occurred during error reporting (printing all threads), id 0xe0000002]

VM state:not at safepoint (not fully initialized)

VM Mutex/Monitor currently owned by a thread:  ([mutex/lock_event])
[0x000000298d1c3e10] Heap_lock - owner thread: 0x000000298d1c5000

GC Heap History (0 events):
No events

Deoptimization events (0 events):
No events

Classes redefined (0 events):
No events

Internal exceptions (0 events):
No events

Events (0 events):
No events


Dynamic libraries:
0x000007f6b2d90000 - 0x000007f6b2dce000 	C:\Program Files\Java\jre-10.0.2\bin\javaw.exe
0x000007fe6b490000 - 0x000007fe6b64e000 	C:\Windows\SYSTEM32\ntdll.dll
0x000007fe6b350000 - 0x000007fe6b487000 	C:\Windows\system32\KERNEL32.DLL
0x000007fe68770000 - 0x000007fe68864000 	C:\Windows\system32\KERNELBASE.dll
0x000007fe68a60000 - 0x000007fe68b3f000 	C:\Windows\system32\ADVAPI32.dll
0x000007fe693e0000 - 0x000007fe6952c000 	C:\Windows\system32\USER32.dll
0x000007fe66190000 - 0x000007fe663fa000 	C:\Windows\WinSxS\amd64_microsoft.windows.common-controls_6595b64144ccf1df_6.0.9200.17359_none_4188b989718cf1c6\COMCTL32.dll
0x000007fe64fe0000 - 0x000007fe64fe9000 	C:\Windows\SYSTEM32\VERSION.dll
0x000007fe68870000 - 0x000007fe68915000 	C:\Windows\system32\msvcrt.dll
0x000007fe695d0000 - 0x000007fe69618000 	C:\Windows\SYSTEM32\sechost.dll
0x000007fe6ae80000 - 0x000007fe6afc1000 	C:\Windows\system32\RPCRT4.dll
0x000007fe6b0d0000 - 0x000007fe6b210000 	C:\Windows\system32\GDI32.dll
0x000007fe69590000 - 0x000007fe695c9000 	C:\Windows\system32\IMM32.DLL
0x000007fe6b230000 - 0x000007fe6b344000 	C:\Windows\system32\MSCTF.dll
0x000007fe51e10000 - 0x000007fe51eff000 	C:\Program Files\Java\jre-10.0.2\bin\msvcr120.dll
0x000007fe51d60000 - 0x000007fe51e06000 	C:\Program Files\Java\jre-10.0.2\bin\msvcp120.dll
0x0000000056060000 - 0x0000000056ad0000 	C:\Program Files\Java\jre-10.0.2\bin\server\jvm.dll
0x000007fe602a0000 - 0x000007fe602a9000 	C:\Windows\SYSTEM32\WSOCK32.dll
0x000007fe602b0000 - 0x000007fe602d0000 	C:\Windows\SYSTEM32\WINMM.dll
0x000007fe691e0000 - 0x000007fe691e7000 	C:\Windows\system32\PSAPI.DLL
0x000007fe69530000 - 0x000007fe69588000 	C:\Windows\system32\WS2_32.dll
0x000007fe60250000 - 0x000007fe60283000 	C:\Windows\SYSTEM32\WINMMBASE.dll
0x000007fe6b210000 - 0x000007fe6b219000 	C:\Windows\system32\NSI.dll
0x000007fe683e0000 - 0x000007fe6842f000 	C:\Windows\SYSTEM32\cfgmgr32.dll
0x000007fe68490000 - 0x000007fe684b2000 	C:\Windows\system32\DEVOBJ.dll
0x000007fe60360000 - 0x000007fe6036f000 	C:\Program Files\Java\jre-10.0.2\bin\verify.dll
0x000007fe615d0000 - 0x000007fe61733000 	C:\Windows\SYSTEM32\DBGHELP.DLL
0x000007fe60330000 - 0x000007fe60357000 	C:\Program Files\Java\jre-10.0.2\bin\java.dll
0x000007fe60310000 - 0x000007fe60326000 	C:\Program Files\Java\jre-10.0.2\bin\zip.dll
0x000007fe60300000 - 0x000007fe6030a000 	C:\Program Files\Java\jre-10.0.2\bin\jimage.dll

dbghelp: loaded successfully - version: 4.0.5 - missing functions: none
symbol engine: initialized successfully - sym options: 0x614 - pdb path: .;C:\Program Files\Java\jre-10.0.2\bin;C:\Windows\SYSTEM32;C:\Windows\WinSxS\amd64_microsoft.windows.common-controls_6595b64144ccf1df_6.0.9200.17359_none_4188b989718cf1c6;C:\Program Files\Java\jre-10.0.2\bin\server

VM Arguments:
jvm_args: -Xms2048G -Xmx4096G -Dfile.encoding=Cp1252 
java_command: net.truttle1.time.main.Game
java_class_path (initial): C:\Program Files\Java\jre-10.0.2\lib\jrt-fs.jar;C:\Users\Administrator\Dropbox\eclipse-workspace\TimeWillTell\bin;C:\Users\Administrator\Dropbox\eclipse-workspace\TimeWillTell\res
Launcher Type: SUN_STANDARD

Logging:
Log output configuration:
#0: stdout all=warning uptime,level,tags
#1: stderr all=off uptime,level,tags

Environment Variables:
PATH=C:\Program Files (x86)\Common Files\Oracle\Java\javapath;C:\ProgramData\Oracle\Java\javapath;C:\Program Files\Haskell\bin;F:\Program Files\Haskell Platform\8.2.2\lib\extralibs\bin;F:\Program Files\Haskell Platform\8.2.2\bin;C:\Perl64\site\bin;C:\Perl64\bin;C:\Program Files (x86)\NVIDIA Corporation\PhysX\Common;C:\Windows\system32;C:\Windows;C:\Windows\System32\Wbem;C:\Windows\System32\WindowsPowerShell\v1.0\;c:\Program Files (x86)\Microsoft SQL Server\100\Tools\Binn\;c:\Program Files (x86)\Microsoft SQL Server\100\DTS\Binn\;C:\Windows\system32\config\systemprofile\.dnx\bin;C:\Program Files\Microsoft DNX\Dnvm\;C:\Program Files\Microsoft SQL Server\110\Tools\Binn\;C:\Program Files (x86)\Windows Live\Shared;C:\Program Files\Microsoft SQL Server\130\Tools\Binn\;C:\Program Files (x86)\Windows Kits\10\Windows Performance Toolkit\;C:\Program Files (x86)\Microsoft Emulator Manager\1.0\;C:\Program Files (x86)\Skype\Phone\;C:\TDM-GCC-32\bin;C:\Dwimperl\perl\bin;C:\Dwimperl\perl\site\bin;C:\Dwimperl\c\bin;C:\Program Files (x86)\GtkSharp\2.12\bin;F:\Program Files\Haskell Platform\8.2.2\mingw\bin;C:\Users\Administrator\AppData\Roaming\cabal\bin;C:\Users\Administrator\AppData\Roaming\local\bin;C:\Ruby25-x64\bin;C:\Users\Administrator\AppData\Local\Programs\Python\Python36-32\Scripts\;C:\Users\Administrator\AppData\Local\Programs\Python\Python36-32\
USERNAME=Administrator
OS=Windows_NT
PROCESSOR_IDENTIFIER=AMD64 Family 21 Model 48 Stepping 1, AuthenticAMD



---------------  S Y S T E M  ---------------

OS: Windows Server 2012 , 64 bit Build 9200 (6.2.9200.16859)

CPU:total 4 (initial active 4) (4 cores per cpu, 1 threads per core) family 21 model 48 stepping 1, cmov, cx8, fxsr, mmx, sse, sse2, sse3, ssse3, sse4.1, sse4.2, popcnt, avx, aes, clmul, mmxext, 3dnowpref, lzcnt, sse4a, tsc, tscinvbit, tscinv, bmi1, fma

Memory: 4k page, physical 7299504k(1775740k free), swap 20336316k(2049300k free)

vm_info: Java HotSpot(TM) 64-Bit Server VM (10.0.2+13) for windows-amd64 JRE (10.0.2+13), built on Jun 28 2018 01:57:56 by "mach5one" with MS VC++ 12.0 (VS2013)

END.
