#
# A fatal error has been detected by the Java Runtime Environment:
#
#  SIGSEGV (0xb) at pc=0x00007fd00a83dcfe, pid=7358, tid=7450
#
# JRE version: OpenJDK Runtime Environment (10.0.2+13) (build 10.0.2+13-Ubuntu-1ubuntu0.18.04.3)
# Java VM: OpenJDK 64-Bit Server VM (10.0.2+13-Ubuntu-1ubuntu0.18.04.3, mixed mode, tiered, g1 gc, linux-amd64)
# Problematic frame:
# J 1775 c2 jdk.internal.module.SystemModuleFinders$SystemModuleReader.findImageLocation(Ljava/lang/String;)Ljdk/internal/jimage/ImageLocation; java.base@10.0.2 (42 bytes) @ 0x00007fd00a83dcfe [0x00007fd00a83d6c0+0x000000000000063e]
#
# Core dump will be written. Default location: Core dumps may be processed with "/usr/share/apport/apport %p %s %c %d %P" (or dumping to /home/truttle1/Dropbox/eclipse/TimeWillTell/core.7358)
#
# If you would like to submit a bug report, please visit:
#   http://bugreport.java.com/bugreport/crash.jsp
#

---------------  S U M M A R Y ------------

Command Line: -agentlib:jdwp=transport=dt_socket,suspend=y,address=localhost:36735 -Xmx4096G -Dfile.encoding=UTF-8 net.truttle1.time.main.Game

Host: AMD A8-7600 Radeon R7, 10 Compute Cores 4C+6G, 4 cores, 6G, Ubuntu 18.04 LTS
Time: Fri Nov  9 20:47:27 2018 EST elapsed time: 13 seconds (0d 0h 0m 13s)

---------------  T H R E A D  ---------------

Current thread (0x00007fd01c21e000):  JavaThread "Thread-1" [_thread_in_Java, id=7450, stack(0x00007ba8aca7a000,0x00007ba8acb7b000)]

Stack: [0x00007ba8aca7a000,0x00007ba8acb7b000],  sp=0x00007ba8acb77d70,  free space=1015k
Native frames: (J=compiled Java code, A=aot compiled Java code, j=interpreted, Vv=VM code, C=native code)
J 1775 c2 jdk.internal.module.SystemModuleFinders$SystemModuleReader.findImageLocation(Ljava/lang/String;)Ljdk/internal/jimage/ImageLocation; java.base@10.0.2 (42 bytes) @ 0x00007fd00a83dcfe [0x00007fd00a83d6c0+0x000000000000063e]
J 1889 c2 jdk.internal.loader.BuiltinClassLoader$2.run()Ljava/util/List; java.base@10.0.2 (114 bytes) @ 0x00007fd00a8459f0 [0x00007fd00a845640+0x00000000000003b0]
J 1155 c1 jdk.internal.loader.BuiltinClassLoader$2.run()Ljava/lang/Object; java.base@10.0.2 (5 bytes) @ 0x00007fd0033fdacc [0x00007fd0033fda40+0x000000000000008c]
v  ~StubRoutines::call_stub
V  [libjvm.so+0x83d38f]
V  [libjvm.so+0x88bd40]  JVM_DoPrivileged+0x640
J 1253  java.security.AccessController.doPrivileged(Ljava/security/PrivilegedExceptionAction;)Ljava/lang/Object; java.base@10.0.2 (0 bytes) @ 0x00007fd00a7df902 [0x00007fd00a7df840+0x00000000000000c2]
J 1391 c1 jdk.internal.loader.BuiltinClassLoader.findMiscResource(Ljava/lang/String;)Ljava/util/List; java.base@10.0.2 (118 bytes) @ 0x00007fd00345fa0c [0x00007fd00345f0e0+0x000000000000092c]
J 1211 c1 jdk.internal.loader.BuiltinClassLoader.findResource(Ljava/lang/String;)Ljava/net/URL; java.base@10.0.2 (154 bytes) @ 0x00007fd00340e1c4 [0x00007fd00340d800+0x00000000000009c4]
J 1226 c1 java.lang.ClassLoader.getResource(Ljava/lang/String;)Ljava/net/URL; java.base@10.0.2 (41 bytes) @ 0x00007fd003412e04 [0x00007fd003412b20+0x00000000000002e4]
J 1226 c1 java.lang.ClassLoader.getResource(Ljava/lang/String;)Ljava/net/URL; java.base@10.0.2 (41 bytes) @ 0x00007fd003412cd4 [0x00007fd003412b20+0x00000000000001b4]
j  java.lang.Class.getResource(Ljava/lang/String;)Ljava/net/URL;+88 java.base@10.0.2
J 1666 c1 net.truttle1.time.main.ImageLoader.loadImage(Ljava/lang/String;)Ljava/awt/image/BufferedImage; (43 bytes) @ 0x00007fd0034e3c54 [0x00007fd0034e3ba0+0x00000000000000b4]
j  net.truttle1.time.battle.BattleAnimation.loadAnimation(Ljava/lang/String;ILnet/truttle1/time/main/Game;)[Ljava/awt/image/BufferedImage;+157
j  net.truttle1.time.battle.BattleAnimation.loadBattleAnimations(Lnet/truttle1/time/main/Game;)V+146
j  net.truttle1.time.main.GraphicsLoader.run()V+10
v  ~StubRoutines::call_stub
V  [libjvm.so+0x83d38f]
V  [libjvm.so+0x83b8fd]
V  [libjvm.so+0x87dd8c]
V  [libjvm.so+0xcc5673]
V  [libjvm.so+0xb33d40]
C  [libpthread.so.0+0x76db]